[2024-03-17 00:54:21,444]-[jm_spider]-[INFO]: 开始下载: 185117
[2024-03-17 00:54:26,722]-[jm_spider]-[INFO]: 下载完成: 185117, 花费时间: 5.28秒
[2024-03-17 00:54:26,730]-[jm_spider]-[INFO]: 开始下载: 185117
[2024-03-17 00:54:28,763]-[jm_spider]-[INFO]: 下载完成: 185117, 花费时间: 2.03秒
[2024-03-17 00:54:28,764]-[jm_spider]-[INFO]: 开始下载: 118333
[2024-03-17 00:54:32,353]-[jm_spider]-[INFO]: 下载完成: 118333, 花费时间: 3.59秒
[2024-03-17 00:54:32,380]-[jm_spider]-[INFO]: 开始下载: 120467
[2024-03-17 00:54:35,755]-[jm_spider]-[INFO]: 下载完成: 120467, 花费时间: 3.37秒
[2024-03-17 00:54:35,755]-[jm_spider]-[INFO]: 开始下载: 185208
[2024-03-17 00:54:37,915]-[jm_spider]-[INFO]: 下载完成: 185208, 花费时间: 2.16秒
[2024-03-17 00:54:37,937]-[jm_spider]-[INFO]: 开始下载: 151922
[2024-03-17 00:54:41,908]-[jm_spider]-[INFO]: 下载完成: 151922, 花费时间: 3.97秒
[2024-03-17 00:54:41,909]-[jm_spider]-[INFO]: 开始下载: 146498
[2024-03-17 00:54:46,574]-[jm_spider]-[INFO]: 下载完成: 146498, 花费时间: 4.66秒
[2024-03-17 00:54:46,575]-[jm_spider]-[INFO]: 开始下载: 179816
[2024-03-17 00:54:55,530]-[jm_spider]-[INFO]: 下载完成: 179816, 花费时间: 8.95秒
[2024-03-17 00:54:55,530]-[jm_spider]-[INFO]: 开始下载: 116501
[2024-03-17 00:55:16,206]-[jm_spider]-[INFO]: 下载完成: 116501, 花费时间: 20.68秒
[2024-03-17 00:55:16,206]-[jm_spider]-[INFO]: 开始下载: 104641
[2024-03-17 00:55:19,055]-[jm_spider]-[INFO]: 下载完成: 104641, 花费时间: 2.85秒
[2024-03-17 00:55:19,056]-[jm_spider]-[INFO]: 开始下载: 106041
[2024-03-17 00:55:22,971]-[jm_spider]-[INFO]: 接收到 Ctrl + C 信号
[2024-03-17 00:55:23,580]-[jm_spider]-[INFO]: 下载完成: 106041, 花费时间: 4.52秒
[2024-03-17 00:55:23,580]-[jm_spider]-[INFO]: 下载被 Ctrl+C 中断
[2024-03-17 00:55:23,582]-[jm_spider]-[INFO]: 开始下载: 179999
[2024-03-17 00:55:29,804]-[jm_spider]-[INFO]: 下载完成: 179999, 花费时间: 6.22秒
[2024-03-17 00:55:29,805]-[jm_spider]-[INFO]: 开始下载: 178642
[2024-03-17 00:55:48,554]-[jm_spider]-[INFO]: 下载完成: 178642, 花费时间: 18.75秒
[2024-03-17 00:55:48,556]-[jm_spider]-[INFO]: 开始下载: 123254
[2024-03-17 00:56:14,554]-[jm_spider]-[INFO]: 下载完成: 123254, 花费时间: 26.00秒
[2024-03-17 00:56:14,555]-[jm_spider]-[INFO]: 开始下载: 179176
[2024-03-17 00:56:22,206]-[jm_spider]-[INFO]: 下载完成: 179176, 花费时间: 7.65秒
[2024-03-17 00:56:22,207]-[jm_spider]-[INFO]: 开始下载: 179441
[2024-03-17 00:56:33,469]-[jm_spider]-[INFO]: 下载完成: 179441, 花费时间: 11.26秒
[2024-03-17 00:56:33,469]-[jm_spider]-[INFO]: 开始下载: 145299
[2024-03-17 00:56:39,477]-[jm_spider]-[INFO]: 下载完成: 145299, 花费时间: 6.01秒
[2024-03-17 00:56:39,478]-[jm_spider]-[INFO]: 开始下载: 113504
[2024-03-17 00:56:50,166]-[jm_spider]-[INFO]: 下载完成: 113504, 花费时间: 10.69秒
[2024-03-17 00:56:50,167]-[jm_spider]-[INFO]: 开始下载: 141199
[2024-03-17 00:58:59,780]-[jm_spider]-[INFO]: 下载完成: 141199, 花费时间: 129.61秒
[2024-03-17 00:58:59,781]-[jm_spider]-[INFO]: 开始下载: 147709
[2024-03-17 00:59:47,439]-[jm_spider]-[INFO]: 下载完成: 147709, 花费时间: 47.66秒
[2024-03-17 00:59:47,440]-[jm_spider]-[INFO]: 开始下载: 103451
[2024-03-17 00:59:55,158]-[jm_spider]-[INFO]: 下载完成: 103451, 花费时间: 7.72秒
[2024-03-17 00:59:55,159]-[jm_spider]-[INFO]: 开始下载: 104717
[2024-03-17 01:03:05,509]-[jm_spider]-[INFO]: 104717 下载图片失败, [url]: https://cdn-msp2.18comic.org/media/photos/104717/00091.webp
[2024-03-17 01:05:07,453]-[jm_spider]-[INFO]: 104717 下载图片失败, [url]: https://cdn-msp2.18comic.org/media/photos/104717/00147.webp
[2024-03-17 01:06:46,558]-[jm_spider]-[INFO]: 下载完成: 104717, 花费时间: 411.40秒
[2024-03-17 01:06:46,558]-[jm_spider]-[INFO]: 开始下载: 114093
[2024-03-17 01:07:43,073]-[jm_spider]-[INFO]: 下载完成: 114093, 花费时间: 56.51秒
[2024-03-17 01:07:43,073]-[jm_spider]-[INFO]: 开始下载: 104508
[2024-03-17 01:07:48,248]-[jm_spider]-[INFO]: 下载完成: 104508, 花费时间: 5.17秒
[2024-03-17 01:07:48,248]-[jm_spider]-[INFO]: 开始下载: 180277
[2024-03-17 01:07:52,474]-[jm_spider]-[INFO]: 下载完成: 180277, 花费时间: 4.23秒
[2024-03-17 01:07:52,474]-[jm_spider]-[INFO]: 开始下载: 90675
[2024-03-17 01:07:56,781]-[jm_spider]-[INFO]: 下载完成: 90675, 花费时间: 4.31秒
[2024-03-17 01:07:56,782]-[jm_spider]-[INFO]: 开始下载: 110528
[2024-03-17 01:08:06,915]-[jm_spider]-[INFO]: 下载完成: 110528, 花费时间: 10.13秒
[2024-03-17 01:08:06,916]-[jm_spider]-[INFO]: 开始下载: 103774
[2024-03-17 01:08:15,307]-[jm_spider]-[INFO]: 下载完成: 103774, 花费时间: 8.39秒
[2024-03-17 01:08:15,308]-[jm_spider]-[INFO]: 开始下载: 112762
[2024-03-17 01:09:11,580]-[jm_spider]-[INFO]: 下载完成: 112762, 花费时间: 56.27秒
[2024-03-17 01:09:11,581]-[jm_spider]-[INFO]: 开始下载: 112765
[2024-03-17 01:09:15,312]-[jm_spider]-[INFO]: 下载完成: 112765, 花费时间: 3.73秒
[2024-03-17 01:09:15,312]-[jm_spider]-[INFO]: 开始下载: 136148
[2024-03-17 01:09:19,645]-[jm_spider]-[INFO]: 下载完成: 136148, 花费时间: 4.33秒
[2024-03-17 01:09:19,646]-[jm_spider]-[INFO]: 开始下载: 114016
[2024-03-17 01:09:49,792]-[jm_spider]-[INFO]: 下载完成: 114016, 花费时间: 30.15秒
[2024-03-17 01:09:49,793]-[jm_spider]-[INFO]: 开始下载: 120676
[2024-03-17 01:09:53,238]-[jm_spider]-[INFO]: 下载完成: 120676, 花费时间: 3.44秒
[2024-03-17 01:09:53,239]-[jm_spider]-[INFO]: 开始下载: 119659
[2024-03-17 01:10:11,949]-[jm_spider]-[INFO]: 下载完成: 119659, 花费时间: 18.71秒
[2024-03-17 01:10:11,950]-[jm_spider]-[INFO]: 开始下载: 101717
[2024-03-17 01:12:30,742]-[jm_spider]-[INFO]: 101717 下载图片失败, [url]: https://cdn-msp2.18comic.org/media/photos/101717/00082.webp
[2024-03-17 01:22:31,416]-[jm_spider]-[INFO]: 101717 下载图片失败, [url]: https://cdn-msp2.18comic.org/media/photos/101717/00300.webp
[2024-03-17 01:32:17,913]-[jm_spider]-[INFO]: 下载完成: 101717, 花费时间: 1325.96秒
[2024-03-17 01:32:17,914]-[jm_spider]-[INFO]: 开始下载: 104707
[2024-03-17 01:32:25,239]-[jm_spider]-[INFO]: 下载完成: 104707, 花费时间: 7.32秒
[2024-03-17 01:32:25,240]-[jm_spider]-[INFO]: 开始下载: 27160
[2024-03-17 01:33:23,749]-[jm_spider]-[INFO]: 下载完成: 27160, 花费时间: 58.51秒
[2024-03-17 01:33:23,750]-[jm_spider]-[INFO]: 开始下载: 7347
[2024-03-17 01:33:25,445]-[jm_spider]-[INFO]: 7347 [page]:1, [error]:解析网页出错，可能该id失效，或需要登录
[2024-03-17 01:33:25,484]-[jm_spider]-[INFO]: 开始下载: 148917
[2024-03-17 01:33:43,683]-[jm_spider]-[INFO]: 下载完成: 148917, 花费时间: 18.20秒
[2024-03-17 01:33:43,684]-[jm_spider]-[INFO]: 开始下载: 142646
[2024-03-17 01:34:01,655]-[jm_spider]-[INFO]: 下载完成: 142646, 花费时间: 17.97秒
[2024-03-17 01:34:01,656]-[jm_spider]-[INFO]: 开始下载: 104464
[2024-03-17 01:34:10,122]-[jm_spider]-[INFO]: 下载完成: 104464, 花费时间: 8.47秒
[2024-03-17 01:34:10,123]-[jm_spider]-[INFO]: 开始下载: 112748
[2024-03-17 01:35:11,305]-[jm_spider]-[INFO]: 接收到 Ctrl + C 信号
[2024-03-17 01:41:10,637]-[jm_spider]-[INFO]: 下载完成: 112748, 花费时间: 420.51秒
[2024-03-17 01:41:10,637]-[jm_spider]-[INFO]: 下载被 Ctrl+C 中断
[2024-03-17 01:41:10,639]-[jm_spider]-[INFO]: 开始下载: 142797
[2024-03-17 01:41:49,560]-[jm_spider]-[INFO]: 142797 下载图片失败, [url]: https://cdn-msp.18comic.org/media/photos/142797/00010.webp
[2024-03-17 01:42:45,733]-[jm_spider]-[INFO]: 下载完成: 142797, 花费时间: 95.09秒
[2024-03-17 01:42:45,734]-[jm_spider]-[INFO]: 开始下载: 101748
[2024-03-17 01:42:57,247]-[jm_spider]-[INFO]: 下载完成: 101748, 花费时间: 11.51秒
[2024-03-17 01:42:57,247]-[jm_spider]-[INFO]: 开始下载: 122236
[2024-03-17 01:44:33,588]-[jm_spider]-[INFO]: 下载完成: 122236, 花费时间: 96.34秒
[2024-03-17 01:44:34,380]-[jm_spider]-[INFO]: 读取过滤id成功
[2024-03-17 01:44:34,452]-[jm_spider]-[INFO]: 开始下载: 101702
[2024-03-17 01:45:16,938]-[jm_spider]-[INFO]: 下载完成: 101702, 花费时间: 42.49秒
[2024-03-17 01:45:16,939]-[jm_spider]-[INFO]: 开始下载: 101689
[2024-03-17 01:46:03,330]-[jm_spider]-[INFO]: 下载完成: 101689, 花费时间: 46.39秒
[2024-03-17 01:46:03,330]-[jm_spider]-[INFO]: 开始下载: 101667
[2024-03-17 01:46:35,491]-[jm_spider]-[INFO]: 下载完成: 101667, 花费时间: 32.16秒
[2024-03-17 01:46:35,491]-[jm_spider]-[INFO]: 开始下载: 101602
[2024-03-17 01:48:59,278]-[jm_spider]-[INFO]: 下载完成: 101602, 花费时间: 143.79秒
[2024-03-17 01:48:59,278]-[jm_spider]-[INFO]: 开始下载: 101496
[2024-03-17 01:55:53,359]-[jm_spider]-[INFO]: 下载完成: 101496, 花费时间: 414.08秒
[2024-03-17 01:55:53,359]-[jm_spider]-[INFO]: 开始下载: 101340
[2024-03-17 02:01:54,415]-[jm_spider]-[INFO]: 下载完成: 101340, 花费时间: 361.06秒
[2024-03-17 02:01:54,416]-[jm_spider]-[INFO]: 开始下载: 101339
[2024-03-17 02:02:52,430]-[jm_spider]-[INFO]: 下载完成: 101339, 花费时间: 58.01秒
[2024-03-17 02:02:52,431]-[jm_spider]-[INFO]: 开始下载: 100691
[2024-03-17 17:40:06,119]-[jm_spider]-[INFO]: 检查20个有问题，添加到下载0个
[2024-03-17 17:49:30,328]-[jm_spider]-[INFO]: 检查22个有问题，添加到下载22个
[2024-03-17 17:50:22,012]-[jm_spider]-[INFO]: 检查22个有问题，添加到下载22个
